<?xml version="1.0" encoding="UTF-8"?>
<!-- Generated by org.testng.reporters.JUnitReportReporter -->
<testsuite hostname="AmrutaVishal" failures="0" tests="4" name="testCases.TC003_LoginDDT" time="30.248" errors="0" timestamp="2025-10-30T14:01:35 IST" skipped="0">
  <testcase classname="testCases.TC003_LoginDDT" name="verify_LoginDDT" time="2.867"/>
  <testcase classname="testCases.TC003_LoginDDT" name="verify_LoginDDT" time="11.174"/>
  <testcase classname="testCases.TC003_LoginDDT" name="verify_LoginDDT" time="3.316"/>
  <testcase classname="testCases.TC003_LoginDDT" name="verify_LoginDDT" time="12.891"/>
</testsuite> <!-- testCases.TC003_LoginDDT -->
